<?xml version="1.0" encoding="UTF-8"?>
<!-- Generated by org.testng.reporters.JUnitReportReporter -->
<testsuite hostname="DESKTOP-L3UOB50" failures="0" tests="2" name="MyTestCases.TC" time="0.325" errors="0" timestamp="23 Apr 2023 19:25:46 GMT" skipped="0">
  <testcase classname="MyTestCases.TC" name="TC1_loginTest" time="0.308"/>
  <testcase classname="MyTestCases.TC" name="TC0_verifyPageTitle" time="0.017"/>
</testsuite> <!-- MyTestCases.TC -->
