<?xml version="1.0" encoding="UTF-8"?>
<!-- Generated by org.testng.reporters.JUnitReportReporter -->
<testsuite hostname="DESKTOP-L3UOB50" failures="0" tests="7" name="TestCases.TCs" time="19.227" errors="0" timestamp="26 Jun 2023 05:30:20 GMT" skipped="0">
  <testcase classname="TestCases.TCs" name="TC6_logout" time="2.131"/>
  <testcase classname="TestCases.TCs" name="TC2_verifyLoginCredentials" time="0.289"/>
  <testcase classname="TestCases.TCs" name="TC2_verifyLoginCredentials" time="2.557"/>
  <testcase classname="TestCases.TCs" name="TC3_dropdown" time="4.178"/>
  <testcase classname="TestCases.TCs" name="TC1_verifyPageTitle" time="0.030"/>
  <testcase classname="TestCases.TCs" name="TC5_checkout" time="4.624"/>
  <testcase classname="TestCases.TCs" name="TC4_addToCart" time="5.418"/>
</testsuite> <!-- TestCases.TCs -->
